<?xml version="1.0" encoding="UTF-8"?>
<testng-results skipped="0" failed="0" total="2" passed="2">
  <reporter-output>
  </reporter-output>
  <suite name="Suite" duration-ms="31" started-at="2019-12-19T10:55:28Z" finished-at="2019-12-19T10:55:28Z">
    <groups>
    </groups>
    <test name="Test" duration-ms="31" started-at="2019-12-19T10:55:28Z" finished-at="2019-12-19T10:55:28Z">
      <class name="maven.Usha">
        <test-method status="PASS" signature="main()[pri:0, instance:maven.Usha@1223dd8]" name="main" duration-ms="0" started-at="2019-12-19T16:25:28Z" finished-at="2019-12-19T16:25:28Z">
          <reporter-output>
          </reporter-output>
        </test-method> <!-- main -->
      </class> <!-- maven.Usha -->
      <class name="maven.Ambica">
        <test-method status="PASS" signature="a()[pri:0, instance:maven.Ambica@18f23c]" name="a" duration-ms="12" started-at="2019-12-19T16:25:28Z" finished-at="2019-12-19T16:25:28Z">
          <reporter-output>
          </reporter-output>
        </test-method> <!-- a -->
      </class> <!-- maven.Ambica -->
    </test> <!-- Test -->
  </suite> <!-- Suite -->
</testng-results>
