<?xml version="1.0" encoding="UTF-8"?>
<testng-results skipped="0" failed="0" total="1" passed="1">
  <reporter-output>
  </reporter-output>
  <suite name="Suite" duration-ms="132" started-at="2019-12-13T10:07:33Z" finished-at="2019-12-13T10:07:33Z">
    <groups>
    </groups>
    <test name="Test" duration-ms="132" started-at="2019-12-13T10:07:33Z" finished-at="2019-12-13T10:07:33Z">
      <class name="maven.Usha">
        <test-method status="PASS" signature="main()[pri:0, instance:maven.Usha@f67b76]" name="main" duration-ms="50" started-at="2019-12-13T15:37:33Z" finished-at="2019-12-13T15:37:33Z">
          <reporter-output>
          </reporter-output>
        </test-method> <!-- main -->
      </class> <!-- maven.Usha -->
    </test> <!-- Test -->
  </suite> <!-- Suite -->
</testng-results>
